Performing C++ SOURCE FILE Test CMAKE_HAVE_LIBC_PTHREAD failed with the following output:
Change Dir: /home/daniyar/AndroidStudioProjects/libs/spdlog/build/x86_64/CMakeFiles/CMakeTmp

Run Build Command(s):/usr/bin/make -f Makefile cmTC_9c843/fast && /usr/bin/make  -f CMakeFiles/cmTC_9c843.dir/build.make CMakeFiles/cmTC_9c843.dir/build
make[1]: Entering directory '/home/daniyar/AndroidStudioProjects/libs/spdlog/build/x86_64/CMakeFiles/CMakeTmp'
Building CXX object CMakeFiles/cmTC_9c843.dir/src.cxx.o
/home/daniyar/Android/Sdk/ndk/23.1.7779620/toolchains/llvm/prebuilt/linux-x86_64/bin/clang++ --target=x86_64-none-linux-android21 --sysroot=/home/daniyar/Android/Sdk/ndk/23.1.7779620/toolchains/llvm/prebuilt/linux-x86_64/sysroot -DCMAKE_HAVE_LIBC_PTHREAD  -DSPDLOG_COMPILED_LIB  -O2 -g -DNDEBUG -fPIE -std=c++11 -MD -MT CMakeFiles/cmTC_9c843.dir/src.cxx.o -MF CMakeFiles/cmTC_9c843.dir/src.cxx.o.d -o CMakeFiles/cmTC_9c843.dir/src.cxx.o -c /home/daniyar/AndroidStudioProjects/libs/spdlog/build/x86_64/CMakeFiles/CMakeTmp/src.cxx
/home/daniyar/AndroidStudioProjects/libs/spdlog/build/x86_64/CMakeFiles/CMakeTmp/src.cxx:13:3: error: use of undeclared identifier 'pthread_cancel'
  pthread_cancel(thread);
  ^
1 error generated.
make[1]: *** [CMakeFiles/cmTC_9c843.dir/build.make:79: CMakeFiles/cmTC_9c843.dir/src.cxx.o] Error 1
make[1]: Leaving directory '/home/daniyar/AndroidStudioProjects/libs/spdlog/build/x86_64/CMakeFiles/CMakeTmp'
make: *** [Makefile:127: cmTC_9c843/fast] Error 2


Source file was:
#include <pthread.h>

static void* test_func(void* data)
{
  return data;
}

int main(void)
{
  pthread_t thread;
  pthread_create(&thread, NULL, test_func, NULL);
  pthread_detach(thread);
  pthread_cancel(thread);
  pthread_join(thread, NULL);
  pthread_atfork(NULL, NULL, NULL);
  pthread_exit(NULL);

  return 0;
}

Determining if the function pthread_create exists in the pthreads failed with the following output:
Change Dir: /home/daniyar/AndroidStudioProjects/libs/spdlog/build/x86_64/CMakeFiles/CMakeTmp

Run Build Command(s):/usr/bin/make -f Makefile cmTC_0aed6/fast && /usr/bin/make  -f CMakeFiles/cmTC_0aed6.dir/build.make CMakeFiles/cmTC_0aed6.dir/build
make[1]: Entering directory '/home/daniyar/AndroidStudioProjects/libs/spdlog/build/x86_64/CMakeFiles/CMakeTmp'
Building CXX object CMakeFiles/cmTC_0aed6.dir/CheckFunctionExists.cxx.o
/home/daniyar/Android/Sdk/ndk/23.1.7779620/toolchains/llvm/prebuilt/linux-x86_64/bin/clang++ --target=x86_64-none-linux-android21 --sysroot=/home/daniyar/Android/Sdk/ndk/23.1.7779620/toolchains/llvm/prebuilt/linux-x86_64/sysroot   -DSPDLOG_COMPILED_LIB -DCHECK_FUNCTION_EXISTS=pthread_create -O2 -g -DNDEBUG -fPIE -std=c++11 -MD -MT CMakeFiles/cmTC_0aed6.dir/CheckFunctionExists.cxx.o -MF CMakeFiles/cmTC_0aed6.dir/CheckFunctionExists.cxx.o.d -o CMakeFiles/cmTC_0aed6.dir/CheckFunctionExists.cxx.o -c /home/daniyar/AndroidStudioProjects/libs/spdlog/build/x86_64/CMakeFiles/CheckLibraryExists/CheckFunctionExists.cxx
Linking CXX executable cmTC_0aed6
/usr/bin/cmake -E cmake_link_script CMakeFiles/cmTC_0aed6.dir/link.txt --verbose=1
/home/daniyar/Android/Sdk/ndk/23.1.7779620/toolchains/llvm/prebuilt/linux-x86_64/bin/clang++ --target=x86_64-none-linux-android21 --sysroot=/home/daniyar/Android/Sdk/ndk/23.1.7779620/toolchains/llvm/prebuilt/linux-x86_64/sysroot -DSPDLOG_COMPILED_LIB -DCHECK_FUNCTION_EXISTS=pthread_create -O2 -g -DNDEBUG -Wl,--build-id=sha1 -Wl,--no-rosegment -Wl,--fatal-warnings -Qunused-arguments -Wl,--no-undefined  -Wl,--gc-sections  CMakeFiles/cmTC_0aed6.dir/CheckFunctionExists.cxx.o -o cmTC_0aed6  -lpthreads  -static-libstdc++ -latomic -lm 
ld: error: unable to find library -lpthreads
clang-12: error: linker command failed with exit code 1 (use -v to see invocation)
make[1]: *** [CMakeFiles/cmTC_0aed6.dir/build.make:100: cmTC_0aed6] Error 1
make[1]: Leaving directory '/home/daniyar/AndroidStudioProjects/libs/spdlog/build/x86_64/CMakeFiles/CMakeTmp'
make: *** [Makefile:127: cmTC_0aed6/fast] Error 2



Determining if the function pthread_create exists in the pthread failed with the following output:
Change Dir: /home/daniyar/AndroidStudioProjects/libs/spdlog/build/x86_64/CMakeFiles/CMakeTmp

Run Build Command(s):/usr/bin/make -f Makefile cmTC_64a39/fast && /usr/bin/make  -f CMakeFiles/cmTC_64a39.dir/build.make CMakeFiles/cmTC_64a39.dir/build
make[1]: Entering directory '/home/daniyar/AndroidStudioProjects/libs/spdlog/build/x86_64/CMakeFiles/CMakeTmp'
Building CXX object CMakeFiles/cmTC_64a39.dir/CheckFunctionExists.cxx.o
/home/daniyar/Android/Sdk/ndk/23.1.7779620/toolchains/llvm/prebuilt/linux-x86_64/bin/clang++ --target=x86_64-none-linux-android21 --sysroot=/home/daniyar/Android/Sdk/ndk/23.1.7779620/toolchains/llvm/prebuilt/linux-x86_64/sysroot   -DSPDLOG_COMPILED_LIB -DCHECK_FUNCTION_EXISTS=pthread_create -O2 -g -DNDEBUG -fPIE -std=c++11 -MD -MT CMakeFiles/cmTC_64a39.dir/CheckFunctionExists.cxx.o -MF CMakeFiles/cmTC_64a39.dir/CheckFunctionExists.cxx.o.d -o CMakeFiles/cmTC_64a39.dir/CheckFunctionExists.cxx.o -c /home/daniyar/AndroidStudioProjects/libs/spdlog/build/x86_64/CMakeFiles/CheckLibraryExists/CheckFunctionExists.cxx
Linking CXX executable cmTC_64a39
/usr/bin/cmake -E cmake_link_script CMakeFiles/cmTC_64a39.dir/link.txt --verbose=1
/home/daniyar/Android/Sdk/ndk/23.1.7779620/toolchains/llvm/prebuilt/linux-x86_64/bin/clang++ --target=x86_64-none-linux-android21 --sysroot=/home/daniyar/Android/Sdk/ndk/23.1.7779620/toolchains/llvm/prebuilt/linux-x86_64/sysroot -DSPDLOG_COMPILED_LIB -DCHECK_FUNCTION_EXISTS=pthread_create -O2 -g -DNDEBUG -Wl,--build-id=sha1 -Wl,--no-rosegment -Wl,--fatal-warnings -Qunused-arguments -Wl,--no-undefined  -Wl,--gc-sections  CMakeFiles/cmTC_64a39.dir/CheckFunctionExists.cxx.o -o cmTC_64a39  -lpthread  -static-libstdc++ -latomic -lm 
ld: error: unable to find library -lpthread
clang-12: error: linker command failed with exit code 1 (use -v to see invocation)
make[1]: *** [CMakeFiles/cmTC_64a39.dir/build.make:100: cmTC_64a39] Error 1
make[1]: Leaving directory '/home/daniyar/AndroidStudioProjects/libs/spdlog/build/x86_64/CMakeFiles/CMakeTmp'
make: *** [Makefile:127: cmTC_64a39/fast] Error 2



